{"C:\\Users\\55319\\Desktop\\TIS05-travel\\plf-es-2022-2-ti5-5104100-travel-friends\\codigo\\travel-friends-app\\src\\components\\Button\\index.tsx": {"path":"C:\\Users\\55319\\Desktop\\TIS05-travel\\plf-es-2022-2-ti5-5104100-travel-friends\\codigo\\travel-friends-app\\src\\components\\Button\\index.tsx","statementMap":{"0":{"start":{"line":15,"column":2},"end":{"line":23,"column":4}}},"fnMap":{"0":{"name":"Button","decl":{"start":{"line":14,"column":24},"end":{"line":14,"column":30}},"loc":{"start":{"line":14,"column":77},"end":{"line":24,"column":1}},"line":14}},"branchMap":{"0":{"loc":{"start":{"line":15,"column":9},"end":{"line":23,"column":3}},"type":"cond-expr","locations":[{"start":{"line":16,"column":4},"end":{"line":18,"column":23}},{"start":{"line":20,"column":4},"end":{"line":22,"column":23}}],"line":15}},"s":{"0":4},"f":{"0":4},"b":{"0":[0,4]},"_coverageSchema":"1a1c01bbd47fc00a2c39e90264f33305004495a9","hash":"38a445acca704ea3e9cc67ae408dce18a517594d"}
,"C:\\Users\\55319\\Desktop\\TIS05-travel\\plf-es-2022-2-ti5-5104100-travel-friends\\codigo\\travel-friends-app\\src\\components\\Button\\styles.tsx": {"path":"C:\\Users\\55319\\Desktop\\TIS05-travel\\plf-es-2022-2-ti5-5104100-travel-friends\\codigo\\travel-friends-app\\src\\components\\Button\\styles.tsx","statementMap":{"0":{"start":{"line":4,"column":26},"end":{"line":4,"column":50}},"1":{"start":{"line":5,"column":22},"end":{"line":33,"column":2}}},"fnMap":{},"branchMap":{},"s":{"0":2,"1":2},"f":{},"b":{},"_coverageSchema":"1a1c01bbd47fc00a2c39e90264f33305004495a9","hash":"7d80d08dbb0ead27948809a0195f5b830253de25"}
,"C:\\Users\\55319\\Desktop\\TIS05-travel\\plf-es-2022-2-ti5-5104100-travel-friends\\codigo\\travel-friends-app\\src\\components\\Card\\index.tsx": {"path":"C:\\Users\\55319\\Desktop\\TIS05-travel\\plf-es-2022-2-ti5-5104100-travel-friends\\codigo\\travel-friends-app\\src\\components\\Card\\index.tsx","statementMap":{"0":{"start":{"line":19,"column":38},"end":{"line":19,"column":71}},"1":{"start":{"line":21,"column":45},"end":{"line":21,"column":55}},"2":{"start":{"line":23,"column":21},"end":{"line":23,"column":40}},"3":{"start":{"line":25,"column":31},"end":{"line":32,"column":3}},"4":{"start":{"line":26,"column":20},"end":{"line":28,"column":6}},"5":{"start":{"line":27,"column":6},"end":{"line":27,"column":78}},"6":{"start":{"line":30,"column":4},"end":{"line":30,"column":33}},"7":{"start":{"line":31,"column":4},"end":{"line":31,"column":31}},"8":{"start":{"line":34,"column":32},"end":{"line":44,"column":3}},"9":{"start":{"line":46,"column":30},"end":{"line":56,"column":3}},"10":{"start":{"line":58,"column":20},"end":{"line":58,"column":41}},"11":{"start":{"line":59,"column":19},"end":{"line":59,"column":38}},"12":{"start":{"line":61,"column":2},"end":{"line":113,"column":4}},"13":{"start":{"line":64,"column":21},"end":{"line":64,"column":57}},"14":{"start":{"line":102,"column":45},"end":{"line":102,"column":75}}},"fnMap":{"0":{"name":"Card","decl":{"start":{"line":18,"column":24},"end":{"line":18,"column":28}},"loc":{"start":{"line":18,"column":65},"end":{"line":114,"column":1}},"line":18},"1":{"name":"(anonymous_1)","decl":{"start":{"line":25,"column":31},"end":{"line":25,"column":32}},"loc":{"start":{"line":25,"column":61},"end":{"line":32,"column":3}},"line":25},"2":{"name":"(anonymous_2)","decl":{"start":{"line":26,"column":40},"end":{"line":26,"column":41}},"loc":{"start":{"line":26,"column":50},"end":{"line":28,"column":5}},"line":26},"3":{"name":"(anonymous_3)","decl":{"start":{"line":64,"column":15},"end":{"line":64,"column":16}},"loc":{"start":{"line":64,"column":21},"end":{"line":64,"column":57}},"line":64},"4":{"name":"(anonymous_4)","decl":{"start":{"line":102,"column":39},"end":{"line":102,"column":40}},"loc":{"start":{"line":102,"column":45},"end":{"line":102,"column":75}},"line":102}},"branchMap":{"0":{"loc":{"start":{"line":18,"column":37},"end":{"line":18,"column":50}},"type":"default-arg","locations":[{"start":{"line":18,"column":45},"end":{"line":18,"column":50}}],"line":18},"1":{"loc":{"start":{"line":27,"column":13},"end":{"line":27,"column":77}},"type":"cond-expr","locations":[{"start":{"line":27,"column":31},"end":{"line":27,"column":70}},{"start":{"line":27,"column":73},"end":{"line":27,"column":77}}],"line":27},"2":{"loc":{"start":{"line":87,"column":18},"end":{"line":87,"column":70}},"type":"cond-expr","locations":[{"start":{"line":87,"column":32},"end":{"line":87,"column":42}},{"start":{"line":87,"column":45},"end":{"line":87,"column":70}}],"line":87},"3":{"loc":{"start":{"line":101,"column":11},"end":{"line":109,"column":11}},"type":"cond-expr","locations":[{"start":{"line":101,"column":19},"end":{"line":101,"column":23}},{"start":{"line":102,"column":12},"end":{"line":108,"column":31}}],"line":101},"4":{"loc":{"start":{"line":103,"column":15},"end":{"line":107,"column":15}},"type":"cond-expr","locations":[{"start":{"line":104,"column":16},"end":{"line":104,"column":70}},{"start":{"line":106,"column":16},"end":{"line":106,"column":73}}],"line":103}},"s":{"0":2,"1":2,"2":2,"3":2,"4":0,"5":0,"6":0,"7":0,"8":2,"9":2,"10":2,"11":2,"12":2,"13":0,"14":0},"f":{"0":2,"1":0,"2":0,"3":0,"4":0},"b":{"0":[2],"1":[0,0],"2":[2,0],"3":[0,2],"4":[0,2]},"_coverageSchema":"1a1c01bbd47fc00a2c39e90264f33305004495a9","hash":"2d24cbc851dbba00d75a9ba6e71cdec62b169fee"}
,"C:\\Users\\55319\\Desktop\\TIS05-travel\\plf-es-2022-2-ti5-5104100-travel-friends\\codigo\\travel-friends-app\\src\\components\\Card\\styles.ts": {"path":"C:\\Users\\55319\\Desktop\\TIS05-travel\\plf-es-2022-2-ti5-5104100-travel-friends\\codigo\\travel-friends-app\\src\\components\\Card\\styles.ts","statementMap":{"0":{"start":{"line":4,"column":26},"end":{"line":4,"column":50}},"1":{"start":{"line":5,"column":22},"end":{"line":44,"column":2}}},"fnMap":{},"branchMap":{},"s":{"0":1,"1":1},"f":{},"b":{},"_coverageSchema":"1a1c01bbd47fc00a2c39e90264f33305004495a9","hash":"1e989aaad9fcf2f38d036b0ec106feacae00199a"}
,"C:\\Users\\55319\\Desktop\\TIS05-travel\\plf-es-2022-2-ti5-5104100-travel-friends\\codigo\\travel-friends-app\\src\\components\\CardInfo\\index.tsx": {"path":"C:\\Users\\55319\\Desktop\\TIS05-travel\\plf-es-2022-2-ti5-5104100-travel-friends\\codigo\\travel-friends-app\\src\\components\\CardInfo\\index.tsx","statementMap":{"0":{"start":{"line":15,"column":21},"end":{"line":15,"column":40}},"1":{"start":{"line":16,"column":32},"end":{"line":26,"column":3}},"2":{"start":{"line":28,"column":30},"end":{"line":38,"column":3}},"3":{"start":{"line":40,"column":20},"end":{"line":40,"column":41}},"4":{"start":{"line":41,"column":19},"end":{"line":41,"column":38}},"5":{"start":{"line":42,"column":2},"end":{"line":82,"column":4}},"6":{"start":{"line":45,"column":21},"end":{"line":45,"column":57}}},"fnMap":{"0":{"name":"CardInfo","decl":{"start":{"line":14,"column":24},"end":{"line":14,"column":32}},"loc":{"start":{"line":14,"column":58},"end":{"line":83,"column":1}},"line":14},"1":{"name":"(anonymous_1)","decl":{"start":{"line":45,"column":15},"end":{"line":45,"column":16}},"loc":{"start":{"line":45,"column":21},"end":{"line":45,"column":57}},"line":45}},"branchMap":{"0":{"loc":{"start":{"line":68,"column":18},"end":{"line":68,"column":70}},"type":"cond-expr","locations":[{"start":{"line":68,"column":32},"end":{"line":68,"column":42}},{"start":{"line":68,"column":45},"end":{"line":68,"column":70}}],"line":68}},"s":{"0":2,"1":2,"2":2,"3":2,"4":2,"5":2,"6":0},"f":{"0":2,"1":0},"b":{"0":[2,0]},"_coverageSchema":"1a1c01bbd47fc00a2c39e90264f33305004495a9","hash":"47e089904fedc6d68edb186956e2c788b5bd8152"}
,"C:\\Users\\55319\\Desktop\\TIS05-travel\\plf-es-2022-2-ti5-5104100-travel-friends\\codigo\\travel-friends-app\\src\\components\\CardInfo\\styles.ts": {"path":"C:\\Users\\55319\\Desktop\\TIS05-travel\\plf-es-2022-2-ti5-5104100-travel-friends\\codigo\\travel-friends-app\\src\\components\\CardInfo\\styles.ts","statementMap":{"0":{"start":{"line":4,"column":26},"end":{"line":4,"column":50}},"1":{"start":{"line":5,"column":22},"end":{"line":43,"column":2}}},"fnMap":{},"branchMap":{},"s":{"0":1,"1":1},"f":{},"b":{},"_coverageSchema":"1a1c01bbd47fc00a2c39e90264f33305004495a9","hash":"ab48ae9ed5f7b2350c9f5391693eb42a9c92ca7a"}
,"C:\\Users\\55319\\Desktop\\TIS05-travel\\plf-es-2022-2-ti5-5104100-travel-friends\\codigo\\travel-friends-app\\src\\components\\CardNotification\\index.tsx": {"path":"C:\\Users\\55319\\Desktop\\TIS05-travel\\plf-es-2022-2-ti5-5104100-travel-friends\\codigo\\travel-friends-app\\src\\components\\CardNotification\\index.tsx","statementMap":{"0":{"start":{"line":18,"column":21},"end":{"line":22,"column":3}},"1":{"start":{"line":24,"column":19},"end":{"line":28,"column":3}},"2":{"start":{"line":30,"column":20},"end":{"line":30,"column":41}},"3":{"start":{"line":31,"column":19},"end":{"line":31,"column":38}},"4":{"start":{"line":33,"column":2},"end":{"line":69,"column":4}}},"fnMap":{"0":{"name":"CardNotification","decl":{"start":{"line":17,"column":24},"end":{"line":17,"column":40}},"loc":{"start":{"line":17,"column":62},"end":{"line":70,"column":1}},"line":17}},"branchMap":{"0":{"loc":{"start":{"line":40,"column":18},"end":{"line":40,"column":39}},"type":"binary-expr","locations":[{"start":{"line":40,"column":18},"end":{"line":40,"column":26}},{"start":{"line":40,"column":30},"end":{"line":40,"column":39}}],"line":40}},"s":{"0":2,"1":2,"2":2,"3":2,"4":2},"f":{"0":2},"b":{"0":[2,2]},"_coverageSchema":"1a1c01bbd47fc00a2c39e90264f33305004495a9","hash":"4014c2783ae07b0182d7042ef9e87c1b47d545ac"}
,"C:\\Users\\55319\\Desktop\\TIS05-travel\\plf-es-2022-2-ti5-5104100-travel-friends\\codigo\\travel-friends-app\\src\\components\\CardNotification\\styles.ts": {"path":"C:\\Users\\55319\\Desktop\\TIS05-travel\\plf-es-2022-2-ti5-5104100-travel-friends\\codigo\\travel-friends-app\\src\\components\\CardNotification\\styles.ts","statementMap":{"0":{"start":{"line":4,"column":26},"end":{"line":4,"column":50}},"1":{"start":{"line":5,"column":22},"end":{"line":46,"column":2}}},"fnMap":{},"branchMap":{},"s":{"0":2,"1":2},"f":{},"b":{},"_coverageSchema":"1a1c01bbd47fc00a2c39e90264f33305004495a9","hash":"8220276ee436e0bfdd5cd1ac8460e539f40ebb5d"}
,"C:\\Users\\55319\\Desktop\\TIS05-travel\\plf-es-2022-2-ti5-5104100-travel-friends\\codigo\\travel-friends-app\\src\\components\\ContainerDefault\\index.tsx": {"path":"C:\\Users\\55319\\Desktop\\TIS05-travel\\plf-es-2022-2-ti5-5104100-travel-friends\\codigo\\travel-friends-app\\src\\components\\ContainerDefault\\index.tsx","statementMap":{"0":{"start":{"line":19,"column":2},"end":{"line":28,"column":4}}},"fnMap":{"0":{"name":"ContainerDefault","decl":{"start":{"line":14,"column":24},"end":{"line":14,"column":40}},"loc":{"start":{"line":18,"column":19},"end":{"line":29,"column":1}},"line":18}},"branchMap":{"0":{"loc":{"start":{"line":23,"column":25},"end":{"line":23,"column":75}},"type":"cond-expr","locations":[{"start":{"line":23,"column":34},"end":{"line":23,"column":54}},{"start":{"line":23,"column":57},"end":{"line":23,"column":75}}],"line":23}},"s":{"0":2},"f":{"0":2},"b":{"0":[0,2]},"_coverageSchema":"1a1c01bbd47fc00a2c39e90264f33305004495a9","hash":"3f53acef0bb08b70a63ef57781e4ee9e42bfaf26"}
,"C:\\Users\\55319\\Desktop\\TIS05-travel\\plf-es-2022-2-ti5-5104100-travel-friends\\codigo\\travel-friends-app\\src\\components\\ContainerDefault\\styles.ts": {"path":"C:\\Users\\55319\\Desktop\\TIS05-travel\\plf-es-2022-2-ti5-5104100-travel-friends\\codigo\\travel-friends-app\\src\\components\\ContainerDefault\\styles.ts","statementMap":{"0":{"start":{"line":4,"column":26},"end":{"line":4,"column":50}},"1":{"start":{"line":5,"column":22},"end":{"line":9,"column":2}}},"fnMap":{},"branchMap":{},"s":{"0":1,"1":1},"f":{},"b":{},"_coverageSchema":"1a1c01bbd47fc00a2c39e90264f33305004495a9","hash":"6428af397023ff586c6f088fffd6b67963ff4100"}
,"C:\\Users\\55319\\Desktop\\TIS05-travel\\plf-es-2022-2-ti5-5104100-travel-friends\\codigo\\travel-friends-app\\src\\components\\Header\\index.tsx": {"path":"C:\\Users\\55319\\Desktop\\TIS05-travel\\plf-es-2022-2-ti5-5104100-travel-friends\\codigo\\travel-friends-app\\src\\components\\Header\\index.tsx","statementMap":{"0":{"start":{"line":18,"column":15},"end":{"line":18,"column":25}},"1":{"start":{"line":19,"column":28},"end":{"line":19,"column":33}},"2":{"start":{"line":21,"column":21},"end":{"line":21,"column":40}},"3":{"start":{"line":22,"column":2},"end":{"line":35,"column":4}},"4":{"start":{"line":29,"column":41},"end":{"line":29,"column":77}}},"fnMap":{"0":{"name":"Header","decl":{"start":{"line":17,"column":24},"end":{"line":17,"column":30}},"loc":{"start":{"line":17,"column":65},"end":{"line":36,"column":1}},"line":17},"1":{"name":"(anonymous_1)","decl":{"start":{"line":29,"column":35},"end":{"line":29,"column":36}},"loc":{"start":{"line":29,"column":41},"end":{"line":29,"column":77}},"line":29}},"branchMap":{},"s":{"0":2,"1":2,"2":2,"3":2,"4":0},"f":{"0":2,"1":0},"b":{},"_coverageSchema":"1a1c01bbd47fc00a2c39e90264f33305004495a9","hash":"1cfae6c5545d007b8b02a06d298c1adccfe23a1d"}
,"C:\\Users\\55319\\Desktop\\TIS05-travel\\plf-es-2022-2-ti5-5104100-travel-friends\\codigo\\travel-friends-app\\src\\components\\Header\\styles.ts": {"path":"C:\\Users\\55319\\Desktop\\TIS05-travel\\plf-es-2022-2-ti5-5104100-travel-friends\\codigo\\travel-friends-app\\src\\components\\Header\\styles.ts","statementMap":{"0":{"start":{"line":4,"column":26},"end":{"line":4,"column":50}},"1":{"start":{"line":5,"column":22},"end":{"line":21,"column":2}}},"fnMap":{},"branchMap":{},"s":{"0":1,"1":1},"f":{},"b":{},"_coverageSchema":"1a1c01bbd47fc00a2c39e90264f33305004495a9","hash":"b34c3f79cd17d772a52262fe09789394ea7fe8e7"}
,"C:\\Users\\55319\\Desktop\\TIS05-travel\\plf-es-2022-2-ti5-5104100-travel-friends\\codigo\\travel-friends-app\\src\\components\\HeaderGoback\\index.tsx": {"path":"C:\\Users\\55319\\Desktop\\TIS05-travel\\plf-es-2022-2-ti5-5104100-travel-friends\\codigo\\travel-friends-app\\src\\components\\HeaderGoback\\index.tsx","statementMap":{"0":{"start":{"line":22,"column":21},"end":{"line":22,"column":40}},"1":{"start":{"line":24,"column":4},"end":{"line":24,"column":31}},"2":{"start":{"line":26,"column":28},"end":{"line":26,"column":33}},"3":{"start":{"line":27,"column":2},"end":{"line":36,"column":4}},"4":{"start":{"line":29,"column":39},"end":{"line":29,"column":55}}},"fnMap":{"0":{"name":"HeaderGoback","decl":{"start":{"line":17,"column":24},"end":{"line":17,"column":36}},"loc":{"start":{"line":21,"column":16},"end":{"line":37,"column":1}},"line":21},"1":{"name":"navigateGoBack","decl":{"start":{"line":23,"column":11},"end":{"line":23,"column":25}},"loc":{"start":{"line":23,"column":28},"end":{"line":25,"column":3}},"line":23},"2":{"name":"(anonymous_2)","decl":{"start":{"line":29,"column":33},"end":{"line":29,"column":34}},"loc":{"start":{"line":29,"column":39},"end":{"line":29,"column":55}},"line":29}},"branchMap":{"0":{"loc":{"start":{"line":33,"column":33},"end":{"line":33,"column":44}},"type":"binary-expr","locations":[{"start":{"line":33,"column":33},"end":{"line":33,"column":38}},{"start":{"line":33,"column":42},"end":{"line":33,"column":44}}],"line":33}},"s":{"0":2,"1":0,"2":2,"3":2,"4":0},"f":{"0":2,"1":0,"2":0},"b":{"0":[2,2]},"_coverageSchema":"1a1c01bbd47fc00a2c39e90264f33305004495a9","hash":"854633a286a03424e8dcaf9897906352e3b53e09"}
,"C:\\Users\\55319\\Desktop\\TIS05-travel\\plf-es-2022-2-ti5-5104100-travel-friends\\codigo\\travel-friends-app\\src\\components\\HeaderGoback\\styles.ts": {"path":"C:\\Users\\55319\\Desktop\\TIS05-travel\\plf-es-2022-2-ti5-5104100-travel-friends\\codigo\\travel-friends-app\\src\\components\\HeaderGoback\\styles.ts","statementMap":{"0":{"start":{"line":4,"column":26},"end":{"line":4,"column":50}},"1":{"start":{"line":5,"column":22},"end":{"line":11,"column":2}}},"fnMap":{},"branchMap":{},"s":{"0":1,"1":1},"f":{},"b":{},"_coverageSchema":"1a1c01bbd47fc00a2c39e90264f33305004495a9","hash":"6c3dfbb475a7c8f0c481867b03bb3fba9a216734"}
,"C:\\Users\\55319\\Desktop\\TIS05-travel\\plf-es-2022-2-ti5-5104100-travel-friends\\codigo\\travel-friends-app\\src\\components\\Input\\index.tsx": {"path":"C:\\Users\\55319\\Desktop\\TIS05-travel\\plf-es-2022-2-ti5-5104100-travel-friends\\codigo\\travel-friends-app\\src\\components\\Input\\index.tsx","statementMap":{"0":{"start":{"line":26,"column":2},"end":{"line":39,"column":4}}},"fnMap":{"0":{"name":"Input","decl":{"start":{"line":17,"column":24},"end":{"line":17,"column":29}},"loc":{"start":{"line":25,"column":15},"end":{"line":40,"column":1}},"line":25}},"branchMap":{"0":{"loc":{"start":{"line":20,"column":2},"end":{"line":20,"column":18}},"type":"default-arg","locations":[{"start":{"line":20,"column":13},"end":{"line":20,"column":18}}],"line":20}},"s":{"0":2},"f":{"0":2},"b":{"0":[2]},"_coverageSchema":"1a1c01bbd47fc00a2c39e90264f33305004495a9","hash":"a671b29b2ad9455d1a9df6c340c4a7b09fe1ffbe"}
,"C:\\Users\\55319\\Desktop\\TIS05-travel\\plf-es-2022-2-ti5-5104100-travel-friends\\codigo\\travel-friends-app\\src\\components\\Input\\styles.ts": {"path":"C:\\Users\\55319\\Desktop\\TIS05-travel\\plf-es-2022-2-ti5-5104100-travel-friends\\codigo\\travel-friends-app\\src\\components\\Input\\styles.ts","statementMap":{"0":{"start":{"line":4,"column":26},"end":{"line":4,"column":50}},"1":{"start":{"line":5,"column":22},"end":{"line":20,"column":2}}},"fnMap":{},"branchMap":{},"s":{"0":1,"1":1},"f":{},"b":{},"_coverageSchema":"1a1c01bbd47fc00a2c39e90264f33305004495a9","hash":"39f72c4c3dd2219ed670376deb48addacc3c7104"}
,"C:\\Users\\55319\\Desktop\\TIS05-travel\\plf-es-2022-2-ti5-5104100-travel-friends\\codigo\\travel-friends-app\\src\\components\\Text\\index.tsx": {"path":"C:\\Users\\55319\\Desktop\\TIS05-travel\\plf-es-2022-2-ti5-5104100-travel-friends\\codigo\\travel-friends-app\\src\\components\\Text\\index.tsx","statementMap":{"0":{"start":{"line":21,"column":2},"end":{"line":35,"column":4}}},"fnMap":{"0":{"name":"TextApp","decl":{"start":{"line":13,"column":24},"end":{"line":13,"column":31}},"loc":{"start":{"line":20,"column":14},"end":{"line":36,"column":1}},"line":20}},"branchMap":{"0":{"loc":{"start":{"line":21,"column":9},"end":{"line":35,"column":3}},"type":"cond-expr","locations":[{"start":{"line":22,"column":4},"end":{"line":27,"column":11}},{"start":{"line":29,"column":4},"end":{"line":34,"column":11}}],"line":21}},"s":{"0":43},"f":{"0":43},"b":{"0":[10,33]},"_coverageSchema":"1a1c01bbd47fc00a2c39e90264f33305004495a9","hash":"4b16a65601283c3817a87891488423387a78b013"}
,"C:\\Users\\55319\\Desktop\\TIS05-travel\\plf-es-2022-2-ti5-5104100-travel-friends\\codigo\\travel-friends-app\\src\\database\\notificationDB.ts": {"path":"C:\\Users\\55319\\Desktop\\TIS05-travel\\plf-es-2022-2-ti5-5104100-travel-friends\\codigo\\travel-friends-app\\src\\database\\notificationDB.ts","statementMap":{"0":{"start":{"line":1,"column":30},"end":{"line":65,"column":1}}},"fnMap":{},"branchMap":{},"s":{"0":1},"f":{},"b":{},"_coverageSchema":"1a1c01bbd47fc00a2c39e90264f33305004495a9","hash":"f6363acb2dbc9882f786a9cf403d8915d825e983"}
,"C:\\Users\\55319\\Desktop\\TIS05-travel\\plf-es-2022-2-ti5-5104100-travel-friends\\codigo\\travel-friends-app\\src\\hooks\\navigation.ts": {"path":"C:\\Users\\55319\\Desktop\\TIS05-travel\\plf-es-2022-2-ti5-5104100-travel-friends\\codigo\\travel-friends-app\\src\\hooks\\navigation.ts","statementMap":{"0":{"start":{"line":12,"column":21},"end":{"line":12,"column":75}},"1":{"start":{"line":13,"column":2},"end":{"line":13,"column":20}},"2":{"start":{"line":17,"column":21},"end":{"line":17,"column":78}},"3":{"start":{"line":18,"column":2},"end":{"line":18,"column":20}},"4":{"start":{"line":22,"column":21},"end":{"line":22,"column":74}},"5":{"start":{"line":23,"column":2},"end":{"line":23,"column":20}}},"fnMap":{"0":{"name":"useHomeNavigation","decl":{"start":{"line":11,"column":16},"end":{"line":11,"column":33}},"loc":{"start":{"line":11,"column":36},"end":{"line":14,"column":1}},"line":11},"1":{"name":"useInitialNavigation","decl":{"start":{"line":16,"column":16},"end":{"line":16,"column":36}},"loc":{"start":{"line":16,"column":39},"end":{"line":19,"column":1}},"line":16},"2":{"name":"useTabAPPNavigation","decl":{"start":{"line":21,"column":16},"end":{"line":21,"column":35}},"loc":{"start":{"line":21,"column":38},"end":{"line":24,"column":1}},"line":21}},"branchMap":{},"s":{"0":10,"1":10,"2":0,"3":0,"4":2,"5":2},"f":{"0":10,"1":0,"2":2},"b":{},"_coverageSchema":"1a1c01bbd47fc00a2c39e90264f33305004495a9","hash":"d5a16bc3336b24f068fb74da512078f0ed2addf8"}
,"C:\\Users\\55319\\Desktop\\TIS05-travel\\plf-es-2022-2-ti5-5104100-travel-friends\\codigo\\travel-friends-app\\src\\screens\\app\\List\\index.tsx": {"path":"C:\\Users\\55319\\Desktop\\TIS05-travel\\plf-es-2022-2-ti5-5104100-travel-friends\\codigo\\travel-friends-app\\src\\screens\\app\\List\\index.tsx","statementMap":{"0":{"start":{"line":7,"column":2},"end":{"line":20,"column":4}}},"fnMap":{"0":{"name":"List","decl":{"start":{"line":6,"column":16},"end":{"line":6,"column":20}},"loc":{"start":{"line":6,"column":23},"end":{"line":21,"column":1}},"line":6}},"branchMap":{},"s":{"0":2},"f":{"0":2},"b":{},"_coverageSchema":"1a1c01bbd47fc00a2c39e90264f33305004495a9","hash":"9a847e06576180027d3938aa0bce21fb4d69370a"}
,"C:\\Users\\55319\\Desktop\\TIS05-travel\\plf-es-2022-2-ti5-5104100-travel-friends\\codigo\\travel-friends-app\\src\\screens\\app\\List\\styles.ts": {"path":"C:\\Users\\55319\\Desktop\\TIS05-travel\\plf-es-2022-2-ti5-5104100-travel-friends\\codigo\\travel-friends-app\\src\\screens\\app\\List\\styles.ts","statementMap":{"0":{"start":{"line":4,"column":26},"end":{"line":4,"column":50}},"1":{"start":{"line":5,"column":21},"end":{"line":53,"column":2}}},"fnMap":{},"branchMap":{},"s":{"0":1,"1":1},"f":{},"b":{},"_coverageSchema":"1a1c01bbd47fc00a2c39e90264f33305004495a9","hash":"c8fa914105074ac5939eaf0742411f713910a01e"}
,"C:\\Users\\55319\\Desktop\\TIS05-travel\\plf-es-2022-2-ti5-5104100-travel-friends\\codigo\\travel-friends-app\\src\\screens\\app\\Notifications\\index.tsx": {"path":"C:\\Users\\55319\\Desktop\\TIS05-travel\\plf-es-2022-2-ti5-5104100-travel-friends\\codigo\\travel-friends-app\\src\\screens\\app\\Notifications\\index.tsx","statementMap":{"0":{"start":{"line":24,"column":30},"end":{"line":24,"column":47}},"1":{"start":{"line":27,"column":4},"end":{"line":27,"column":44}},"2":{"start":{"line":30,"column":2},"end":{"line":65,"column":4}},"3":{"start":{"line":55,"column":41},"end":{"line":55,"column":54}},"4":{"start":{"line":57,"column":40},"end":{"line":57,"column":60}}},"fnMap":{"0":{"name":"Notifications","decl":{"start":{"line":23,"column":24},"end":{"line":23,"column":37}},"loc":{"start":{"line":23,"column":40},"end":{"line":66,"column":1}},"line":23},"1":{"name":"renderVertical","decl":{"start":{"line":26,"column":11},"end":{"line":26,"column":25}},"loc":{"start":{"line":26,"column":47},"end":{"line":28,"column":3}},"line":26},"2":{"name":"(anonymous_2)","decl":{"start":{"line":55,"column":28},"end":{"line":55,"column":29}},"loc":{"start":{"line":55,"column":41},"end":{"line":55,"column":54}},"line":55},"3":{"name":"(anonymous_3)","decl":{"start":{"line":57,"column":26},"end":{"line":57,"column":27}},"loc":{"start":{"line":57,"column":40},"end":{"line":57,"column":60}},"line":57}},"branchMap":{"0":{"loc":{"start":{"line":49,"column":11},"end":{"line":61,"column":18}},"type":"cond-expr","locations":[{"start":{"line":50,"column":12},"end":{"line":60,"column":14}},{"start":{"line":61,"column":14},"end":{"line":61,"column":18}}],"line":49}},"s":{"0":2,"1":0,"2":2,"3":0,"4":0},"f":{"0":2,"1":0,"2":0,"3":0},"b":{"0":[0,2]},"_coverageSchema":"1a1c01bbd47fc00a2c39e90264f33305004495a9","hash":"78cbd204ab2e0ac6950b5b8354b907948b42a24f"}
,"C:\\Users\\55319\\Desktop\\TIS05-travel\\plf-es-2022-2-ti5-5104100-travel-friends\\codigo\\travel-friends-app\\src\\screens\\app\\Notifications\\styles.ts": {"path":"C:\\Users\\55319\\Desktop\\TIS05-travel\\plf-es-2022-2-ti5-5104100-travel-friends\\codigo\\travel-friends-app\\src\\screens\\app\\Notifications\\styles.ts","statementMap":{"0":{"start":{"line":4,"column":26},"end":{"line":4,"column":50}},"1":{"start":{"line":5,"column":21},"end":{"line":13,"column":2}}},"fnMap":{},"branchMap":{},"s":{"0":1,"1":1},"f":{},"b":{},"_coverageSchema":"1a1c01bbd47fc00a2c39e90264f33305004495a9","hash":"0a9d500758e9840f1682eedb0074a9fd7173f300"}
,"C:\\Users\\55319\\Desktop\\TIS05-travel\\plf-es-2022-2-ti5-5104100-travel-friends\\codigo\\travel-friends-app\\src\\screens\\app\\Profile\\index.tsx": {"path":"C:\\Users\\55319\\Desktop\\TIS05-travel\\plf-es-2022-2-ti5-5104100-travel-friends\\codigo\\travel-friends-app\\src\\screens\\app\\Profile\\index.tsx","statementMap":{"0":{"start":{"line":17,"column":21},"end":{"line":17,"column":30}},"1":{"start":{"line":18,"column":38},"end":{"line":18,"column":48}},"2":{"start":{"line":20,"column":21},"end":{"line":20,"column":42}},"3":{"start":{"line":21,"column":25},"end":{"line":21,"column":44}},"4":{"start":{"line":23,"column":2},"end":{"line":103,"column":4}},"5":{"start":{"line":41,"column":29},"end":{"line":41,"column":67}},"6":{"start":{"line":57,"column":29},"end":{"line":57,"column":69}},"7":{"start":{"line":70,"column":45},"end":{"line":70,"column":60}},"8":{"start":{"line":82,"column":45},"end":{"line":82,"column":53}}},"fnMap":{"0":{"name":"Profile","decl":{"start":{"line":16,"column":16},"end":{"line":16,"column":23}},"loc":{"start":{"line":16,"column":26},"end":{"line":104,"column":1}},"line":16},"1":{"name":"(anonymous_1)","decl":{"start":{"line":41,"column":23},"end":{"line":41,"column":24}},"loc":{"start":{"line":41,"column":29},"end":{"line":41,"column":67}},"line":41},"2":{"name":"(anonymous_2)","decl":{"start":{"line":57,"column":23},"end":{"line":57,"column":24}},"loc":{"start":{"line":57,"column":29},"end":{"line":57,"column":69}},"line":57},"3":{"name":"(anonymous_3)","decl":{"start":{"line":70,"column":39},"end":{"line":70,"column":40}},"loc":{"start":{"line":70,"column":45},"end":{"line":70,"column":60}},"line":70},"4":{"name":"(anonymous_4)","decl":{"start":{"line":82,"column":39},"end":{"line":82,"column":40}},"loc":{"start":{"line":82,"column":45},"end":{"line":82,"column":53}},"line":82}},"branchMap":{},"s":{"0":2,"1":2,"2":2,"3":2,"4":2,"5":0,"6":0,"7":0,"8":0},"f":{"0":2,"1":0,"2":0,"3":0,"4":0},"b":{},"_coverageSchema":"1a1c01bbd47fc00a2c39e90264f33305004495a9","hash":"b1450e4a736e00b4dd5409be6d6070cd303017b3"}
,"C:\\Users\\55319\\Desktop\\TIS05-travel\\plf-es-2022-2-ti5-5104100-travel-friends\\codigo\\travel-friends-app\\src\\screens\\app\\Profile\\styles.ts": {"path":"C:\\Users\\55319\\Desktop\\TIS05-travel\\plf-es-2022-2-ti5-5104100-travel-friends\\codigo\\travel-friends-app\\src\\screens\\app\\Profile\\styles.ts","statementMap":{"0":{"start":{"line":4,"column":26},"end":{"line":4,"column":50}},"1":{"start":{"line":5,"column":22},"end":{"line":56,"column":2}}},"fnMap":{},"branchMap":{},"s":{"0":1,"1":1},"f":{},"b":{},"_coverageSchema":"1a1c01bbd47fc00a2c39e90264f33305004495a9","hash":"ff475a1686398746cde8f1d2b337d1377a0408c9"}
,"C:\\Users\\55319\\Desktop\\TIS05-travel\\plf-es-2022-2-ti5-5104100-travel-friends\\codigo\\travel-friends-app\\src\\screens\\auth\\Terms\\index.tsx": {"path":"C:\\Users\\55319\\Desktop\\TIS05-travel\\plf-es-2022-2-ti5-5104100-travel-friends\\codigo\\travel-friends-app\\src\\screens\\auth\\Terms\\index.tsx","statementMap":{"0":{"start":{"line":11,"column":2},"end":{"line":31,"column":4}},"1":{"start":{"line":28,"column":47},"end":{"line":28,"column":76}}},"fnMap":{"0":{"name":"Terms","decl":{"start":{"line":10,"column":24},"end":{"line":10,"column":29}},"loc":{"start":{"line":10,"column":51},"end":{"line":32,"column":1}},"line":10},"1":{"name":"(anonymous_1)","decl":{"start":{"line":28,"column":41},"end":{"line":28,"column":42}},"loc":{"start":{"line":28,"column":47},"end":{"line":28,"column":76}},"line":28}},"branchMap":{},"s":{"0":2,"1":0},"f":{"0":2,"1":0},"b":{},"_coverageSchema":"1a1c01bbd47fc00a2c39e90264f33305004495a9","hash":"27e38416b7dc69d26b0ed7402031d50d949fbcb8"}
,"C:\\Users\\55319\\Desktop\\TIS05-travel\\plf-es-2022-2-ti5-5104100-travel-friends\\codigo\\travel-friends-app\\src\\screens\\auth\\Terms\\styles.ts": {"path":"C:\\Users\\55319\\Desktop\\TIS05-travel\\plf-es-2022-2-ti5-5104100-travel-friends\\codigo\\travel-friends-app\\src\\screens\\auth\\Terms\\styles.ts","statementMap":{"0":{"start":{"line":4,"column":26},"end":{"line":4,"column":50}},"1":{"start":{"line":5,"column":22},"end":{"line":32,"column":2}}},"fnMap":{},"branchMap":{},"s":{"0":1,"1":1},"f":{},"b":{},"_coverageSchema":"1a1c01bbd47fc00a2c39e90264f33305004495a9","hash":"ceb7542102e6c6076414ed618ee85f92bdb7a40f"}
,"C:\\Users\\55319\\Desktop\\TIS05-travel\\plf-es-2022-2-ti5-5104100-travel-friends\\codigo\\travel-friends-app\\src\\utils\\formatDate.ts": {"path":"C:\\Users\\55319\\Desktop\\TIS05-travel\\plf-es-2022-2-ti5-5104100-travel-friends\\codigo\\travel-friends-app\\src\\utils\\formatDate.ts","statementMap":{"0":{"start":{"line":13,"column":19},"end":{"line":22,"column":3}},"1":{"start":{"line":23,"column":23},"end":{"line":25,"column":15}},"2":{"start":{"line":27,"column":2},"end":{"line":27,"column":22}}},"fnMap":{"0":{"name":"formatDate","decl":{"start":{"line":12,"column":16},"end":{"line":12,"column":26}},"loc":{"start":{"line":12,"column":58},"end":{"line":28,"column":1}},"line":12}},"branchMap":{"0":{"loc":{"start":{"line":24,"column":12},"end":{"line":24,"column":46}},"type":"binary-expr","locations":[{"start":{"line":24,"column":12},"end":{"line":24,"column":26}},{"start":{"line":24,"column":30},"end":{"line":24,"column":46}}],"line":24}},"s":{"0":2,"1":2,"2":2},"f":{"0":2},"b":{"0":[2,2]},"_coverageSchema":"1a1c01bbd47fc00a2c39e90264f33305004495a9","hash":"cac5d80531274392b8358fd1a9f1e2f3e7fc532d"}
,"C:\\Users\\55319\\Desktop\\TIS05-travel\\plf-es-2022-2-ti5-5104100-travel-friends\\codigo\\travel-friends-app\\src\\utils\\formatNickName.ts": {"path":"C:\\Users\\55319\\Desktop\\TIS05-travel\\plf-es-2022-2-ti5-5104100-travel-friends\\codigo\\travel-friends-app\\src\\utils\\formatNickName.ts","statementMap":{"0":{"start":{"line":2,"column":2},"end":{"line":7,"column":19}}},"fnMap":{"0":{"name":"formatNickName","decl":{"start":{"line":1,"column":16},"end":{"line":1,"column":30}},"loc":{"start":{"line":1,"column":45},"end":{"line":8,"column":1}},"line":1}},"branchMap":{},"s":{"0":2},"f":{"0":2},"b":{},"_coverageSchema":"1a1c01bbd47fc00a2c39e90264f33305004495a9","hash":"7646dba23715844dcb4b7be76bcf6099a9a9e449"}
,"C:\\Users\\55319\\Desktop\\TIS05-travel\\plf-es-2022-2-ti5-5104100-travel-friends\\codigo\\travel-friends-app\\src\\utils\\testUtils.tsx": {"path":"C:\\Users\\55319\\Desktop\\TIS05-travel\\plf-es-2022-2-ti5-5104100-travel-friends\\codigo\\travel-friends-app\\src\\utils\\testUtils.tsx","statementMap":{},"fnMap":{},"branchMap":{},"s":{},"f":{},"b":{}}
,"C:\\Users\\55319\\Desktop\\TIS05-travel\\plf-es-2022-2-ti5-5104100-travel-friends\\codigo\\travel-friends-app\\src\\utils\\theme.ts": {"path":"C:\\Users\\55319\\Desktop\\TIS05-travel\\plf-es-2022-2-ti5-5104100-travel-friends\\codigo\\travel-friends-app\\src\\utils\\theme.ts","statementMap":{"0":{"start":{"line":1,"column":14},"end":{"line":19,"column":1}}},"fnMap":{},"branchMap":{},"s":{"0":11},"f":{},"b":{},"_coverageSchema":"1a1c01bbd47fc00a2c39e90264f33305004495a9","hash":"064fa17910aa0db1aba627f4cd1e08fbfd7e9723"}
}
