TN:
SF:src\components\Button\index.tsx
FN:14,Button
FNF:1
FNH:1
FNDA:4,Button
DA:15,4
LF:1
LH:1
BRDA:15,0,0,0
BRDA:15,0,1,4
BRF:2
BRH:1
end_of_record
TN:
SF:src\components\Button\styles.tsx
FNF:0
FNH:0
DA:4,2
DA:5,2
LF:2
LH:2
BRF:0
BRH:0
end_of_record
TN:
SF:src\components\Card\index.tsx
FN:18,Card
FN:25,(anonymous_1)
FN:26,(anonymous_2)
FN:64,(anonymous_3)
FN:102,(anonymous_4)
FNF:5
FNH:1
FNDA:2,Card
FNDA:0,(anonymous_1)
FNDA:0,(anonymous_2)
FNDA:0,(anonymous_3)
FNDA:0,(anonymous_4)
DA:19,2
DA:21,2
DA:23,2
DA:25,2
DA:26,0
DA:27,0
DA:30,0
DA:31,0
DA:34,2
DA:46,2
DA:58,2
DA:59,2
DA:61,2
DA:64,0
DA:102,0
LF:15
LH:9
BRDA:18,0,0,2
BRDA:27,1,0,0
BRDA:27,1,1,0
BRDA:87,2,0,2
BRDA:87,2,1,0
BRDA:101,3,0,0
BRDA:101,3,1,2
BRDA:103,4,0,0
BRDA:103,4,1,2
BRF:9
BRH:4
end_of_record
TN:
SF:src\components\Card\styles.ts
FNF:0
FNH:0
DA:4,1
DA:5,1
LF:2
LH:2
BRF:0
BRH:0
end_of_record
TN:
SF:src\components\CardInfo\index.tsx
FN:14,CardInfo
FN:45,(anonymous_1)
FNF:2
FNH:1
FNDA:2,CardInfo
FNDA:0,(anonymous_1)
DA:15,2
DA:16,2
DA:28,2
DA:40,2
DA:41,2
DA:42,2
DA:45,0
LF:7
LH:6
BRDA:68,0,0,2
BRDA:68,0,1,0
BRF:2
BRH:1
end_of_record
TN:
SF:src\components\CardInfo\styles.ts
FNF:0
FNH:0
DA:4,1
DA:5,1
LF:2
LH:2
BRF:0
BRH:0
end_of_record
TN:
SF:src\components\CardNotification\index.tsx
FN:17,CardNotification
FNF:1
FNH:1
FNDA:2,CardNotification
DA:18,2
DA:24,2
DA:30,2
DA:31,2
DA:33,2
LF:5
LH:5
BRDA:40,0,0,2
BRDA:40,0,1,2
BRF:2
BRH:2
end_of_record
TN:
SF:src\components\CardNotification\styles.ts
FNF:0
FNH:0
DA:4,2
DA:5,2
LF:2
LH:2
BRF:0
BRH:0
end_of_record
TN:
SF:src\components\ContainerDefault\index.tsx
FN:14,ContainerDefault
FNF:1
FNH:1
FNDA:2,ContainerDefault
DA:19,2
LF:1
LH:1
BRDA:23,0,0,0
BRDA:23,0,1,2
BRF:2
BRH:1
end_of_record
TN:
SF:src\components\ContainerDefault\styles.ts
FNF:0
FNH:0
DA:4,1
DA:5,1
LF:2
LH:2
BRF:0
BRH:0
end_of_record
TN:
SF:src\components\Header\index.tsx
FN:17,Header
FN:29,(anonymous_1)
FNF:2
FNH:1
FNDA:2,Header
FNDA:0,(anonymous_1)
DA:18,2
DA:19,2
DA:21,2
DA:22,2
DA:29,0
LF:5
LH:4
BRF:0
BRH:0
end_of_record
TN:
SF:src\components\Header\styles.ts
FNF:0
FNH:0
DA:4,1
DA:5,1
LF:2
LH:2
BRF:0
BRH:0
end_of_record
TN:
SF:src\components\HeaderGoback\index.tsx
FN:17,HeaderGoback
FN:23,navigateGoBack
FN:29,(anonymous_2)
FNF:3
FNH:1
FNDA:2,HeaderGoback
FNDA:0,navigateGoBack
FNDA:0,(anonymous_2)
DA:22,2
DA:24,0
DA:26,2
DA:27,2
DA:29,0
LF:5
LH:3
BRDA:33,0,0,2
BRDA:33,0,1,2
BRF:2
BRH:2
end_of_record
TN:
SF:src\components\HeaderGoback\styles.ts
FNF:0
FNH:0
DA:4,1
DA:5,1
LF:2
LH:2
BRF:0
BRH:0
end_of_record
TN:
SF:src\components\Input\index.tsx
FN:17,Input
FNF:1
FNH:1
FNDA:2,Input
DA:26,2
LF:1
LH:1
BRDA:20,0,0,2
BRF:1
BRH:1
end_of_record
TN:
SF:src\components\Input\styles.ts
FNF:0
FNH:0
DA:4,1
DA:5,1
LF:2
LH:2
BRF:0
BRH:0
end_of_record
TN:
SF:src\components\Text\index.tsx
FN:13,TextApp
FNF:1
FNH:1
FNDA:43,TextApp
DA:21,43
LF:1
LH:1
BRDA:21,0,0,10
BRDA:21,0,1,33
BRF:2
BRH:2
end_of_record
TN:
SF:src\database\notificationDB.ts
FNF:0
FNH:0
DA:1,1
LF:1
LH:1
BRF:0
BRH:0
end_of_record
TN:
SF:src\hooks\navigation.ts
FN:11,useHomeNavigation
FN:16,useInitialNavigation
FN:21,useTabAPPNavigation
FNF:3
FNH:2
FNDA:10,useHomeNavigation
FNDA:0,useInitialNavigation
FNDA:2,useTabAPPNavigation
DA:12,10
DA:13,10
DA:17,0
DA:18,0
DA:22,2
DA:23,2
LF:6
LH:4
BRF:0
BRH:0
end_of_record
TN:
SF:src\screens\app\List\index.tsx
FN:6,List
FNF:1
FNH:1
FNDA:2,List
DA:7,2
LF:1
LH:1
BRF:0
BRH:0
end_of_record
TN:
SF:src\screens\app\List\styles.ts
FNF:0
FNH:0
DA:4,1
DA:5,1
LF:2
LH:2
BRF:0
BRH:0
end_of_record
TN:
SF:src\screens\app\Notifications\index.tsx
FN:23,Notifications
FN:26,renderVertical
FN:55,(anonymous_2)
FN:57,(anonymous_3)
FNF:4
FNH:1
FNDA:2,Notifications
FNDA:0,renderVertical
FNDA:0,(anonymous_2)
FNDA:0,(anonymous_3)
DA:24,2
DA:27,0
DA:30,2
DA:55,0
DA:57,0
LF:5
LH:2
BRDA:49,0,0,0
BRDA:49,0,1,2
BRF:2
BRH:1
end_of_record
TN:
SF:src\screens\app\Notifications\styles.ts
FNF:0
FNH:0
DA:4,1
DA:5,1
LF:2
LH:2
BRF:0
BRH:0
end_of_record
TN:
SF:src\screens\app\Profile\index.tsx
FN:16,Profile
FN:41,(anonymous_1)
FN:57,(anonymous_2)
FN:70,(anonymous_3)
FN:82,(anonymous_4)
FNF:5
FNH:1
FNDA:2,Profile
FNDA:0,(anonymous_1)
FNDA:0,(anonymous_2)
FNDA:0,(anonymous_3)
FNDA:0,(anonymous_4)
DA:17,2
DA:18,2
DA:20,2
DA:21,2
DA:23,2
DA:41,0
DA:57,0
DA:70,0
DA:82,0
LF:9
LH:5
BRF:0
BRH:0
end_of_record
TN:
SF:src\screens\app\Profile\styles.ts
FNF:0
FNH:0
DA:4,1
DA:5,1
LF:2
LH:2
BRF:0
BRH:0
end_of_record
TN:
SF:src\screens\auth\Terms\index.tsx
FN:10,Terms
FN:28,(anonymous_1)
FNF:2
FNH:1
FNDA:2,Terms
FNDA:0,(anonymous_1)
DA:11,2
DA:28,0
LF:2
LH:1
BRF:0
BRH:0
end_of_record
TN:
SF:src\screens\auth\Terms\styles.ts
FNF:0
FNH:0
DA:4,1
DA:5,1
LF:2
LH:2
BRF:0
BRH:0
end_of_record
TN:
SF:src\utils\formatDate.ts
FN:12,formatDate
FNF:1
FNH:1
FNDA:2,formatDate
DA:13,2
DA:23,2
DA:27,2
LF:3
LH:3
BRDA:24,0,0,2
BRDA:24,0,1,2
BRF:2
BRH:2
end_of_record
TN:
SF:src\utils\formatNickName.ts
FN:1,formatNickName
FNF:1
FNH:1
FNDA:2,formatNickName
DA:2,2
LF:1
LH:1
BRF:0
BRH:0
end_of_record
TN:
SF:src\utils\testUtils.tsx
FNF:0
FNH:0
LF:0
LH:0
BRF:0
BRH:0
end_of_record
TN:
SF:src\utils\theme.ts
FNF:0
FNH:0
DA:1,11
LF:1
LH:1
BRF:0
BRH:0
end_of_record
